2022-08-06 15:21:35,475 ERROR Internal Server Error: /news/subscription/ C:\Users\Александр\PycharmProjects\Homework_16.4-HW-03\venv\lib\site-packages\django\utils\log.py (<class 'django.urls.exceptions.NoReverseMatch'>, NoReverseMatch("Reverse for '' not found. '' is not a valid view function or pattern name."), <traceback object at 0x000002E63F26E500>)
Traceback (most recent call last):
  File "C:\Users\Александр\PycharmProjects\Homework_16.4-HW-03\venv\lib\site-packages\django\core\handlers\exception.py", line 55, in inner
    response = get_response(request)
  File "C:\Users\Александр\PycharmProjects\Homework_16.4-HW-03\venv\lib\site-packages\django\core\handlers\base.py", line 220, in _get_response
    response = response.render()
  File "C:\Users\Александр\PycharmProjects\Homework_16.4-HW-03\venv\lib\site-packages\django\template\response.py", line 114, in render
    self.content = self.rendered_content
  File "C:\Users\Александр\PycharmProjects\Homework_16.4-HW-03\venv\lib\site-packages\django\template\response.py", line 92, in rendered_content
    return template.render(context, self._request)
  File "C:\Users\Александр\PycharmProjects\Homework_16.4-HW-03\venv\lib\site-packages\django\template\backends\django.py", line 62, in render
    return self.template.render(context)
  File "C:\Users\Александр\PycharmProjects\Homework_16.4-HW-03\venv\lib\site-packages\django\template\base.py", line 175, in render
    return self._render(context)
  File "C:\Users\Александр\PycharmProjects\Homework_16.4-HW-03\venv\lib\site-packages\django\template\base.py", line 167, in _render
    return self.nodelist.render(context)
  File "C:\Users\Александр\PycharmProjects\Homework_16.4-HW-03\venv\lib\site-packages\django\template\base.py", line 1005, in render
    return SafeString("".join([node.render_annotated(context) for node in self]))
  File "C:\Users\Александр\PycharmProjects\Homework_16.4-HW-03\venv\lib\site-packages\django\template\base.py", line 1005, in <listcomp>
    return SafeString("".join([node.render_annotated(context) for node in self]))
  File "C:\Users\Александр\PycharmProjects\Homework_16.4-HW-03\venv\lib\site-packages\django\template\base.py", line 966, in render_annotated
    return self.render(context)
  File "C:\Users\Александр\PycharmProjects\Homework_16.4-HW-03\venv\lib\site-packages\django\template\loader_tags.py", line 157, in render
    return compiled_parent._render(context)
  File "C:\Users\Александр\PycharmProjects\Homework_16.4-HW-03\venv\lib\site-packages\django\template\base.py", line 167, in _render
    return self.nodelist.render(context)
  File "C:\Users\Александр\PycharmProjects\Homework_16.4-HW-03\venv\lib\site-packages\django\template\base.py", line 1005, in render
    return SafeString("".join([node.render_annotated(context) for node in self]))
  File "C:\Users\Александр\PycharmProjects\Homework_16.4-HW-03\venv\lib\site-packages\django\template\base.py", line 1005, in <listcomp>
    return SafeString("".join([node.render_annotated(context) for node in self]))
  File "C:\Users\Александр\PycharmProjects\Homework_16.4-HW-03\venv\lib\site-packages\django\template\base.py", line 966, in render_annotated
    return self.render(context)
  File "C:\Users\Александр\PycharmProjects\Homework_16.4-HW-03\venv\lib\site-packages\django\template\defaulttags.py", line 322, in render
    return nodelist.render(context)
  File "C:\Users\Александр\PycharmProjects\Homework_16.4-HW-03\venv\lib\site-packages\django\template\base.py", line 1005, in render
    return SafeString("".join([node.render_annotated(context) for node in self]))
  File "C:\Users\Александр\PycharmProjects\Homework_16.4-HW-03\venv\lib\site-packages\django\template\base.py", line 1005, in <listcomp>
    return SafeString("".join([node.render_annotated(context) for node in self]))
  File "C:\Users\Александр\PycharmProjects\Homework_16.4-HW-03\venv\lib\site-packages\django\template\base.py", line 966, in render_annotated
    return self.render(context)
  File "C:\Users\Александр\PycharmProjects\Homework_16.4-HW-03\venv\lib\site-packages\django\template\defaulttags.py", line 472, in render
    url = reverse(view_name, args=args, kwargs=kwargs, current_app=current_app)
  File "C:\Users\Александр\PycharmProjects\Homework_16.4-HW-03\venv\lib\site-packages\django\urls\base.py", line 88, in reverse
    return resolver._reverse_with_prefix(view, prefix, *args, **kwargs)
  File "C:\Users\Александр\PycharmProjects\Homework_16.4-HW-03\venv\lib\site-packages\django\urls\resolvers.py", line 803, in _reverse_with_prefix
    raise NoReverseMatch(msg)
django.urls.exceptions.NoReverseMatch: Reverse for '' not found. '' is not a valid view function or pattern name.
2022-08-06 15:21:35,476 ERROR "GET /news/subscription/ HTTP/1.1" 500 170097 C:\Users\Александр\PycharmProjects\Homework_16.4-HW-03\venv\lib\site-packages\django\core\servers\basehttp.py None
2022-08-06 15:22:16,852 ERROR Internal Server Error: /news/add C:\Users\Александр\PycharmProjects\Homework_16.4-HW-03\venv\lib\site-packages\django\utils\log.py (<class 'django.urls.exceptions.NoReverseMatch'>, NoReverseMatch("Reverse for '' not found. '' is not a valid view function or pattern name."), <traceback object at 0x000002E63F109C80>)
Traceback (most recent call last):
  File "C:\Users\Александр\PycharmProjects\Homework_16.4-HW-03\venv\lib\site-packages\django\core\handlers\exception.py", line 55, in inner
    response = get_response(request)
  File "C:\Users\Александр\PycharmProjects\Homework_16.4-HW-03\venv\lib\site-packages\django\core\handlers\base.py", line 220, in _get_response
    response = response.render()
  File "C:\Users\Александр\PycharmProjects\Homework_16.4-HW-03\venv\lib\site-packages\django\template\response.py", line 114, in render
    self.content = self.rendered_content
  File "C:\Users\Александр\PycharmProjects\Homework_16.4-HW-03\venv\lib\site-packages\django\template\response.py", line 92, in rendered_content
    return template.render(context, self._request)
  File "C:\Users\Александр\PycharmProjects\Homework_16.4-HW-03\venv\lib\site-packages\django\template\backends\django.py", line 62, in render
    return self.template.render(context)
  File "C:\Users\Александр\PycharmProjects\Homework_16.4-HW-03\venv\lib\site-packages\django\template\base.py", line 175, in render
    return self._render(context)
  File "C:\Users\Александр\PycharmProjects\Homework_16.4-HW-03\venv\lib\site-packages\django\template\base.py", line 167, in _render
    return self.nodelist.render(context)
  File "C:\Users\Александр\PycharmProjects\Homework_16.4-HW-03\venv\lib\site-packages\django\template\base.py", line 1005, in render
    return SafeString("".join([node.render_annotated(context) for node in self]))
  File "C:\Users\Александр\PycharmProjects\Homework_16.4-HW-03\venv\lib\site-packages\django\template\base.py", line 1005, in <listcomp>
    return SafeString("".join([node.render_annotated(context) for node in self]))
  File "C:\Users\Александр\PycharmProjects\Homework_16.4-HW-03\venv\lib\site-packages\django\template\base.py", line 966, in render_annotated
    return self.render(context)
  File "C:\Users\Александр\PycharmProjects\Homework_16.4-HW-03\venv\lib\site-packages\django\template\loader_tags.py", line 157, in render
    return compiled_parent._render(context)
  File "C:\Users\Александр\PycharmProjects\Homework_16.4-HW-03\venv\lib\site-packages\django\template\base.py", line 167, in _render
    return self.nodelist.render(context)
  File "C:\Users\Александр\PycharmProjects\Homework_16.4-HW-03\venv\lib\site-packages\django\template\base.py", line 1005, in render
    return SafeString("".join([node.render_annotated(context) for node in self]))
  File "C:\Users\Александр\PycharmProjects\Homework_16.4-HW-03\venv\lib\site-packages\django\template\base.py", line 1005, in <listcomp>
    return SafeString("".join([node.render_annotated(context) for node in self]))
  File "C:\Users\Александр\PycharmProjects\Homework_16.4-HW-03\venv\lib\site-packages\django\template\base.py", line 966, in render_annotated
    return self.render(context)
  File "C:\Users\Александр\PycharmProjects\Homework_16.4-HW-03\venv\lib\site-packages\django\template\defaulttags.py", line 322, in render
    return nodelist.render(context)
  File "C:\Users\Александр\PycharmProjects\Homework_16.4-HW-03\venv\lib\site-packages\django\template\base.py", line 1005, in render
    return SafeString("".join([node.render_annotated(context) for node in self]))
  File "C:\Users\Александр\PycharmProjects\Homework_16.4-HW-03\venv\lib\site-packages\django\template\base.py", line 1005, in <listcomp>
    return SafeString("".join([node.render_annotated(context) for node in self]))
  File "C:\Users\Александр\PycharmProjects\Homework_16.4-HW-03\venv\lib\site-packages\django\template\base.py", line 966, in render_annotated
    return self.render(context)
  File "C:\Users\Александр\PycharmProjects\Homework_16.4-HW-03\venv\lib\site-packages\django\template\defaulttags.py", line 472, in render
    url = reverse(view_name, args=args, kwargs=kwargs, current_app=current_app)
  File "C:\Users\Александр\PycharmProjects\Homework_16.4-HW-03\venv\lib\site-packages\django\urls\base.py", line 88, in reverse
    return resolver._reverse_with_prefix(view, prefix, *args, **kwargs)
  File "C:\Users\Александр\PycharmProjects\Homework_16.4-HW-03\venv\lib\site-packages\django\urls\resolvers.py", line 803, in _reverse_with_prefix
    raise NoReverseMatch(msg)
django.urls.exceptions.NoReverseMatch: Reverse for '' not found. '' is not a valid view function or pattern name.
2022-08-06 15:22:16,853 ERROR "GET /news/add HTTP/1.1" 500 163694 C:\Users\Александр\PycharmProjects\Homework_16.4-HW-03\venv\lib\site-packages\django\core\servers\basehttp.py None
2022-08-06 15:29:08,766 ERROR Internal Server Error: /news/add C:\Users\Александр\PycharmProjects\Homework_16.4-HW-03\venv\lib\site-packages\django\utils\log.py (<class 'news.models.Author.DoesNotExist'>, DoesNotExist('Author matching query does not exist.'), <traceback object at 0x000002E63EEB3A00>)
Traceback (most recent call last):
  File "C:\Users\Александр\PycharmProjects\Homework_16.4-HW-03\venv\lib\site-packages\django\core\handlers\exception.py", line 55, in inner
    response = get_response(request)
  File "C:\Users\Александр\PycharmProjects\Homework_16.4-HW-03\venv\lib\site-packages\django\core\handlers\base.py", line 197, in _get_response
    response = wrapped_callback(request, *callback_args, **callback_kwargs)
  File "C:\Users\Александр\PycharmProjects\Homework_16.4-HW-03\venv\lib\site-packages\django\views\generic\base.py", line 103, in view
    return self.dispatch(request, *args, **kwargs)
  File "C:\Users\Александр\PycharmProjects\Homework_16.4-HW-03\venv\lib\site-packages\django\views\generic\base.py", line 142, in dispatch
    return handler(request, *args, **kwargs)
  File "C:\Users\Александр\PycharmProjects\Homework_16.4-HW-03\venv\lib\site-packages\django\views\generic\edit.py", line 180, in get
    return super().get(request, *args, **kwargs)
  File "C:\Users\Александр\PycharmProjects\Homework_16.4-HW-03\venv\lib\site-packages\django\views\generic\edit.py", line 144, in get
    return self.render_to_response(self.get_context_data())
  File "C:\Users\Александр\PycharmProjects\Homework_16.4-HW-03\venv\lib\site-packages\django\views\generic\edit.py", line 74, in get_context_data
    kwargs["form"] = self.get_form()
  File "C:\Users\Александр\PycharmProjects\Homework_16.4-HW-03\venv\lib\site-packages\django\views\generic\edit.py", line 39, in get_form
    return form_class(**self.get_form_kwargs())
  File "C:\Users\Александр\PycharmProjects\Homework_16.4-HW-03\venv\lib\site-packages\django\views\generic\edit.py", line 114, in get_form_kwargs
    kwargs = super().get_form_kwargs()
  File "C:\Users\Александр\PycharmProjects\Homework_16.4-HW-03\venv\lib\site-packages\django\views\generic\edit.py", line 44, in get_form_kwargs
    "initial": self.get_initial(),
  File "C:\Users\Александр\PycharmProjects\Homework_16.4-HW-03\GoodNews\news\views.py", line 112, in get_initial
    author = Author.objects.get(user_id=user.pk)
  File "C:\Users\Александр\PycharmProjects\Homework_16.4-HW-03\venv\lib\site-packages\django\db\models\manager.py", line 85, in manager_method
    return getattr(self.get_queryset(), name)(*args, **kwargs)
  File "C:\Users\Александр\PycharmProjects\Homework_16.4-HW-03\venv\lib\site-packages\django\db\models\query.py", line 650, in get
    raise self.model.DoesNotExist(
news.models.Author.DoesNotExist: Author matching query does not exist.
2022-08-06 15:29:08,768 ERROR "GET /news/add HTTP/1.1" 500 116715 C:\Users\Александр\PycharmProjects\Homework_16.4-HW-03\venv\lib\site-packages\django\core\servers\basehttp.py None
2022-08-06 18:07:24,099 ERROR Internal Server Error: /news/add C:\Users\Александр\PycharmProjects\Homework_16.4-HW-03\venv\lib\site-packages\django\utils\log.py (<class 'django.template.exceptions.TemplateSyntaxError'>, TemplateSyntaxError("Invalid block tag on line 18: 'form.post_type.label', expected 'elif', 'else' or 'endif'. Did you forget to register or load this tag?"), <traceback object at 0x000001FDF1169C80>)
Traceback (most recent call last):
  File "C:\Users\Александр\PycharmProjects\Homework_16.4-HW-03\venv\lib\site-packages\django\template\base.py", line 505, in parse
    compile_func = self.tags[command]
KeyError: 'form.post_type.label'

During handling of the above exception, another exception occurred:

Traceback (most recent call last):
  File "C:\Users\Александр\PycharmProjects\Homework_16.4-HW-03\venv\lib\site-packages\django\core\handlers\exception.py", line 55, in inner
    response = get_response(request)
  File "C:\Users\Александр\PycharmProjects\Homework_16.4-HW-03\venv\lib\site-packages\django\core\handlers\base.py", line 220, in _get_response
    response = response.render()
  File "C:\Users\Александр\PycharmProjects\Homework_16.4-HW-03\venv\lib\site-packages\django\template\response.py", line 114, in render
    self.content = self.rendered_content
  File "C:\Users\Александр\PycharmProjects\Homework_16.4-HW-03\venv\lib\site-packages\django\template\response.py", line 90, in rendered_content
    template = self.resolve_template(self.template_name)
  File "C:\Users\Александр\PycharmProjects\Homework_16.4-HW-03\venv\lib\site-packages\django\template\response.py", line 72, in resolve_template
    return select_template(template, using=self.using)
  File "C:\Users\Александр\PycharmProjects\Homework_16.4-HW-03\venv\lib\site-packages\django\template\loader.py", line 42, in select_template
    return engine.get_template(template_name)
  File "C:\Users\Александр\PycharmProjects\Homework_16.4-HW-03\venv\lib\site-packages\django\template\backends\django.py", line 34, in get_template
    return Template(self.engine.get_template(template_name), self)
  File "C:\Users\Александр\PycharmProjects\Homework_16.4-HW-03\venv\lib\site-packages\django\template\engine.py", line 175, in get_template
    template, origin = self.find_template(template_name)
  File "C:\Users\Александр\PycharmProjects\Homework_16.4-HW-03\venv\lib\site-packages\django\template\engine.py", line 157, in find_template
    template = loader.get_template(name, skip=skip)
  File "C:\Users\Александр\PycharmProjects\Homework_16.4-HW-03\venv\lib\site-packages\django\template\loaders\cached.py", line 57, in get_template
    template = super().get_template(template_name, skip)
  File "C:\Users\Александр\PycharmProjects\Homework_16.4-HW-03\venv\lib\site-packages\django\template\loaders\base.py", line 28, in get_template
    return Template(
  File "C:\Users\Александр\PycharmProjects\Homework_16.4-HW-03\venv\lib\site-packages\django\template\base.py", line 154, in __init__
    self.nodelist = self.compile_nodelist()
  File "C:\Users\Александр\PycharmProjects\Homework_16.4-HW-03\venv\lib\site-packages\django\template\base.py", line 200, in compile_nodelist
    return parser.parse()
  File "C:\Users\Александр\PycharmProjects\Homework_16.4-HW-03\venv\lib\site-packages\django\template\base.py", line 513, in parse
    raise self.error(token, e)
  File "C:\Users\Александр\PycharmProjects\Homework_16.4-HW-03\venv\lib\site-packages\django\template\base.py", line 511, in parse
    compiled_result = compile_func(self, token)
  File "C:\Users\Александр\PycharmProjects\Homework_16.4-HW-03\venv\lib\site-packages\django\template\loader_tags.py", line 293, in do_extends
    nodelist = parser.parse()
  File "C:\Users\Александр\PycharmProjects\Homework_16.4-HW-03\venv\lib\site-packages\django\template\base.py", line 513, in parse
    raise self.error(token, e)
  File "C:\Users\Александр\PycharmProjects\Homework_16.4-HW-03\venv\lib\site-packages\django\template\base.py", line 511, in parse
    compiled_result = compile_func(self, token)
  File "C:\Users\Александр\PycharmProjects\Homework_16.4-HW-03\venv\lib\site-packages\django\template\loader_tags.py", line 232, in do_block
    nodelist = parser.parse(("endblock",))
  File "C:\Users\Александр\PycharmProjects\Homework_16.4-HW-03\venv\lib\site-packages\django\template\base.py", line 513, in parse
    raise self.error(token, e)
  File "C:\Users\Александр\PycharmProjects\Homework_16.4-HW-03\venv\lib\site-packages\django\template\base.py", line 511, in parse
    compiled_result = compile_func(self, token)
  File "C:\Users\Александр\PycharmProjects\Homework_16.4-HW-03\venv\lib\site-packages\django\template\defaulttags.py", line 954, in do_if
    nodelist = parser.parse(("elif", "else", "endif"))
  File "C:\Users\Александр\PycharmProjects\Homework_16.4-HW-03\venv\lib\site-packages\django\template\base.py", line 507, in parse
    self.invalid_block_tag(token, command, parse_until)
  File "C:\Users\Александр\PycharmProjects\Homework_16.4-HW-03\venv\lib\site-packages\django\template\base.py", line 558, in invalid_block_tag
    raise self.error(
django.template.exceptions.TemplateSyntaxError: Invalid block tag on line 18: 'form.post_type.label', expected 'elif', 'else' or 'endif'. Did you forget to register or load this tag?
2022-08-06 18:07:24,101 ERROR "GET /news/add HTTP/1.1" 500 210231 C:\Users\Александр\PycharmProjects\Homework_16.4-HW-03\venv\lib\site-packages\django\core\servers\basehttp.py None
2022-08-06 18:08:20,778 ERROR Internal Server Error: /news/add C:\Users\Александр\PycharmProjects\Homework_16.4-HW-03\venv\lib\site-packages\django\utils\log.py (<class 'django.template.exceptions.TemplateSyntaxError'>, TemplateSyntaxError("Invalid block tag on line 18: 'form.post_type.label', expected 'elif', 'else' or 'endif'. Did you forget to register or load this tag?"), <traceback object at 0x000001FDF12797C0>)
Traceback (most recent call last):
  File "C:\Users\Александр\PycharmProjects\Homework_16.4-HW-03\venv\lib\site-packages\django\template\base.py", line 505, in parse
    compile_func = self.tags[command]
KeyError: 'form.post_type.label'

During handling of the above exception, another exception occurred:

Traceback (most recent call last):
  File "C:\Users\Александр\PycharmProjects\Homework_16.4-HW-03\venv\lib\site-packages\django\core\handlers\exception.py", line 55, in inner
    response = get_response(request)
  File "C:\Users\Александр\PycharmProjects\Homework_16.4-HW-03\venv\lib\site-packages\django\core\handlers\base.py", line 220, in _get_response
    response = response.render()
  File "C:\Users\Александр\PycharmProjects\Homework_16.4-HW-03\venv\lib\site-packages\django\template\response.py", line 114, in render
    self.content = self.rendered_content
  File "C:\Users\Александр\PycharmProjects\Homework_16.4-HW-03\venv\lib\site-packages\django\template\response.py", line 90, in rendered_content
    template = self.resolve_template(self.template_name)
  File "C:\Users\Александр\PycharmProjects\Homework_16.4-HW-03\venv\lib\site-packages\django\template\response.py", line 72, in resolve_template
    return select_template(template, using=self.using)
  File "C:\Users\Александр\PycharmProjects\Homework_16.4-HW-03\venv\lib\site-packages\django\template\loader.py", line 42, in select_template
    return engine.get_template(template_name)
  File "C:\Users\Александр\PycharmProjects\Homework_16.4-HW-03\venv\lib\site-packages\django\template\backends\django.py", line 34, in get_template
    return Template(self.engine.get_template(template_name), self)
  File "C:\Users\Александр\PycharmProjects\Homework_16.4-HW-03\venv\lib\site-packages\django\template\engine.py", line 175, in get_template
    template, origin = self.find_template(template_name)
  File "C:\Users\Александр\PycharmProjects\Homework_16.4-HW-03\venv\lib\site-packages\django\template\engine.py", line 157, in find_template
    template = loader.get_template(name, skip=skip)
  File "C:\Users\Александр\PycharmProjects\Homework_16.4-HW-03\venv\lib\site-packages\django\template\loaders\cached.py", line 57, in get_template
    template = super().get_template(template_name, skip)
  File "C:\Users\Александр\PycharmProjects\Homework_16.4-HW-03\venv\lib\site-packages\django\template\loaders\base.py", line 28, in get_template
    return Template(
  File "C:\Users\Александр\PycharmProjects\Homework_16.4-HW-03\venv\lib\site-packages\django\template\base.py", line 154, in __init__
    self.nodelist = self.compile_nodelist()
  File "C:\Users\Александр\PycharmProjects\Homework_16.4-HW-03\venv\lib\site-packages\django\template\base.py", line 200, in compile_nodelist
    return parser.parse()
  File "C:\Users\Александр\PycharmProjects\Homework_16.4-HW-03\venv\lib\site-packages\django\template\base.py", line 513, in parse
    raise self.error(token, e)
  File "C:\Users\Александр\PycharmProjects\Homework_16.4-HW-03\venv\lib\site-packages\django\template\base.py", line 511, in parse
    compiled_result = compile_func(self, token)
  File "C:\Users\Александр\PycharmProjects\Homework_16.4-HW-03\venv\lib\site-packages\django\template\loader_tags.py", line 293, in do_extends
    nodelist = parser.parse()
  File "C:\Users\Александр\PycharmProjects\Homework_16.4-HW-03\venv\lib\site-packages\django\template\base.py", line 513, in parse
    raise self.error(token, e)
  File "C:\Users\Александр\PycharmProjects\Homework_16.4-HW-03\venv\lib\site-packages\django\template\base.py", line 511, in parse
    compiled_result = compile_func(self, token)
  File "C:\Users\Александр\PycharmProjects\Homework_16.4-HW-03\venv\lib\site-packages\django\template\loader_tags.py", line 232, in do_block
    nodelist = parser.parse(("endblock",))
  File "C:\Users\Александр\PycharmProjects\Homework_16.4-HW-03\venv\lib\site-packages\django\template\base.py", line 513, in parse
    raise self.error(token, e)
  File "C:\Users\Александр\PycharmProjects\Homework_16.4-HW-03\venv\lib\site-packages\django\template\base.py", line 511, in parse
    compiled_result = compile_func(self, token)
  File "C:\Users\Александр\PycharmProjects\Homework_16.4-HW-03\venv\lib\site-packages\django\template\defaulttags.py", line 954, in do_if
    nodelist = parser.parse(("elif", "else", "endif"))
  File "C:\Users\Александр\PycharmProjects\Homework_16.4-HW-03\venv\lib\site-packages\django\template\base.py", line 507, in parse
    self.invalid_block_tag(token, command, parse_until)
  File "C:\Users\Александр\PycharmProjects\Homework_16.4-HW-03\venv\lib\site-packages\django\template\base.py", line 558, in invalid_block_tag
    raise self.error(
django.template.exceptions.TemplateSyntaxError: Invalid block tag on line 18: 'form.post_type.label', expected 'elif', 'else' or 'endif'. Did you forget to register or load this tag?
2022-08-06 18:08:20,779 ERROR "GET /news/add HTTP/1.1" 500 206255 C:\Users\Александр\PycharmProjects\Homework_16.4-HW-03\venv\lib\site-packages\django\core\servers\basehttp.py None
2022-08-06 18:08:21,620 ERROR Internal Server Error: /news/add C:\Users\Александр\PycharmProjects\Homework_16.4-HW-03\venv\lib\site-packages\django\utils\log.py (<class 'django.template.exceptions.TemplateSyntaxError'>, TemplateSyntaxError("Invalid block tag on line 18: 'form.post_type.label', expected 'elif', 'else' or 'endif'. Did you forget to register or load this tag?"), <traceback object at 0x000001FDF116FCC0>)
Traceback (most recent call last):
  File "C:\Users\Александр\PycharmProjects\Homework_16.4-HW-03\venv\lib\site-packages\django\template\base.py", line 505, in parse
    compile_func = self.tags[command]
KeyError: 'form.post_type.label'

During handling of the above exception, another exception occurred:

Traceback (most recent call last):
  File "C:\Users\Александр\PycharmProjects\Homework_16.4-HW-03\venv\lib\site-packages\django\core\handlers\exception.py", line 55, in inner
    response = get_response(request)
  File "C:\Users\Александр\PycharmProjects\Homework_16.4-HW-03\venv\lib\site-packages\django\core\handlers\base.py", line 220, in _get_response
    response = response.render()
  File "C:\Users\Александр\PycharmProjects\Homework_16.4-HW-03\venv\lib\site-packages\django\template\response.py", line 114, in render
    self.content = self.rendered_content
  File "C:\Users\Александр\PycharmProjects\Homework_16.4-HW-03\venv\lib\site-packages\django\template\response.py", line 90, in rendered_content
    template = self.resolve_template(self.template_name)
  File "C:\Users\Александр\PycharmProjects\Homework_16.4-HW-03\venv\lib\site-packages\django\template\response.py", line 72, in resolve_template
    return select_template(template, using=self.using)
  File "C:\Users\Александр\PycharmProjects\Homework_16.4-HW-03\venv\lib\site-packages\django\template\loader.py", line 42, in select_template
    return engine.get_template(template_name)
  File "C:\Users\Александр\PycharmProjects\Homework_16.4-HW-03\venv\lib\site-packages\django\template\backends\django.py", line 34, in get_template
    return Template(self.engine.get_template(template_name), self)
  File "C:\Users\Александр\PycharmProjects\Homework_16.4-HW-03\venv\lib\site-packages\django\template\engine.py", line 175, in get_template
    template, origin = self.find_template(template_name)
  File "C:\Users\Александр\PycharmProjects\Homework_16.4-HW-03\venv\lib\site-packages\django\template\engine.py", line 157, in find_template
    template = loader.get_template(name, skip=skip)
  File "C:\Users\Александр\PycharmProjects\Homework_16.4-HW-03\venv\lib\site-packages\django\template\loaders\cached.py", line 57, in get_template
    template = super().get_template(template_name, skip)
  File "C:\Users\Александр\PycharmProjects\Homework_16.4-HW-03\venv\lib\site-packages\django\template\loaders\base.py", line 28, in get_template
    return Template(
  File "C:\Users\Александр\PycharmProjects\Homework_16.4-HW-03\venv\lib\site-packages\django\template\base.py", line 154, in __init__
    self.nodelist = self.compile_nodelist()
  File "C:\Users\Александр\PycharmProjects\Homework_16.4-HW-03\venv\lib\site-packages\django\template\base.py", line 200, in compile_nodelist
    return parser.parse()
  File "C:\Users\Александр\PycharmProjects\Homework_16.4-HW-03\venv\lib\site-packages\django\template\base.py", line 513, in parse
    raise self.error(token, e)
  File "C:\Users\Александр\PycharmProjects\Homework_16.4-HW-03\venv\lib\site-packages\django\template\base.py", line 511, in parse
    compiled_result = compile_func(self, token)
  File "C:\Users\Александр\PycharmProjects\Homework_16.4-HW-03\venv\lib\site-packages\django\template\loader_tags.py", line 293, in do_extends
    nodelist = parser.parse()
  File "C:\Users\Александр\PycharmProjects\Homework_16.4-HW-03\venv\lib\site-packages\django\template\base.py", line 513, in parse
    raise self.error(token, e)
  File "C:\Users\Александр\PycharmProjects\Homework_16.4-HW-03\venv\lib\site-packages\django\template\base.py", line 511, in parse
    compiled_result = compile_func(self, token)
  File "C:\Users\Александр\PycharmProjects\Homework_16.4-HW-03\venv\lib\site-packages\django\template\loader_tags.py", line 232, in do_block
    nodelist = parser.parse(("endblock",))
  File "C:\Users\Александр\PycharmProjects\Homework_16.4-HW-03\venv\lib\site-packages\django\template\base.py", line 513, in parse
    raise self.error(token, e)
  File "C:\Users\Александр\PycharmProjects\Homework_16.4-HW-03\venv\lib\site-packages\django\template\base.py", line 511, in parse
    compiled_result = compile_func(self, token)
  File "C:\Users\Александр\PycharmProjects\Homework_16.4-HW-03\venv\lib\site-packages\django\template\defaulttags.py", line 954, in do_if
    nodelist = parser.parse(("elif", "else", "endif"))
  File "C:\Users\Александр\PycharmProjects\Homework_16.4-HW-03\venv\lib\site-packages\django\template\base.py", line 507, in parse
    self.invalid_block_tag(token, command, parse_until)
  File "C:\Users\Александр\PycharmProjects\Homework_16.4-HW-03\venv\lib\site-packages\django\template\base.py", line 558, in invalid_block_tag
    raise self.error(
django.template.exceptions.TemplateSyntaxError: Invalid block tag on line 18: 'form.post_type.label', expected 'elif', 'else' or 'endif'. Did you forget to register or load this tag?
2022-08-06 18:08:21,621 ERROR "GET /news/add HTTP/1.1" 500 206255 C:\Users\Александр\PycharmProjects\Homework_16.4-HW-03\venv\lib\site-packages\django\core\servers\basehttp.py None
2022-08-07 21:23:17,141 ERROR Internal Server Error: /news/add C:\Users\Александр\PycharmProjects\Homework_16.4-HW-03\venv\lib\site-packages\django\utils\log.py (<class 'django.template.exceptions.TemplateSyntaxError'>, TemplateSyntaxError("Invalid block tag on line 18: 'form', expected 'elif', 'else' or 'endif'. Did you forget to register or load this tag?"), <traceback object at 0x0000025903709080>)
Traceback (most recent call last):
  File "C:\Users\Александр\PycharmProjects\Homework_16.4-HW-03\venv\lib\site-packages\django\template\base.py", line 505, in parse
    compile_func = self.tags[command]
KeyError: 'form'

During handling of the above exception, another exception occurred:

Traceback (most recent call last):
  File "C:\Users\Александр\PycharmProjects\Homework_16.4-HW-03\venv\lib\site-packages\django\core\handlers\exception.py", line 55, in inner
    response = get_response(request)
  File "C:\Users\Александр\PycharmProjects\Homework_16.4-HW-03\venv\lib\site-packages\django\core\handlers\base.py", line 220, in _get_response
    response = response.render()
  File "C:\Users\Александр\PycharmProjects\Homework_16.4-HW-03\venv\lib\site-packages\django\template\response.py", line 114, in render
    self.content = self.rendered_content
  File "C:\Users\Александр\PycharmProjects\Homework_16.4-HW-03\venv\lib\site-packages\django\template\response.py", line 90, in rendered_content
    template = self.resolve_template(self.template_name)
  File "C:\Users\Александр\PycharmProjects\Homework_16.4-HW-03\venv\lib\site-packages\django\template\response.py", line 72, in resolve_template
    return select_template(template, using=self.using)
  File "C:\Users\Александр\PycharmProjects\Homework_16.4-HW-03\venv\lib\site-packages\django\template\loader.py", line 42, in select_template
    return engine.get_template(template_name)
  File "C:\Users\Александр\PycharmProjects\Homework_16.4-HW-03\venv\lib\site-packages\django\template\backends\django.py", line 34, in get_template
    return Template(self.engine.get_template(template_name), self)
  File "C:\Users\Александр\PycharmProjects\Homework_16.4-HW-03\venv\lib\site-packages\django\template\engine.py", line 175, in get_template
    template, origin = self.find_template(template_name)
  File "C:\Users\Александр\PycharmProjects\Homework_16.4-HW-03\venv\lib\site-packages\django\template\engine.py", line 157, in find_template
    template = loader.get_template(name, skip=skip)
  File "C:\Users\Александр\PycharmProjects\Homework_16.4-HW-03\venv\lib\site-packages\django\template\loaders\cached.py", line 57, in get_template
    template = super().get_template(template_name, skip)
  File "C:\Users\Александр\PycharmProjects\Homework_16.4-HW-03\venv\lib\site-packages\django\template\loaders\base.py", line 28, in get_template
    return Template(
  File "C:\Users\Александр\PycharmProjects\Homework_16.4-HW-03\venv\lib\site-packages\django\template\base.py", line 154, in __init__
    self.nodelist = self.compile_nodelist()
  File "C:\Users\Александр\PycharmProjects\Homework_16.4-HW-03\venv\lib\site-packages\django\template\base.py", line 200, in compile_nodelist
    return parser.parse()
  File "C:\Users\Александр\PycharmProjects\Homework_16.4-HW-03\venv\lib\site-packages\django\template\base.py", line 513, in parse
    raise self.error(token, e)
  File "C:\Users\Александр\PycharmProjects\Homework_16.4-HW-03\venv\lib\site-packages\django\template\base.py", line 511, in parse
    compiled_result = compile_func(self, token)
  File "C:\Users\Александр\PycharmProjects\Homework_16.4-HW-03\venv\lib\site-packages\django\template\loader_tags.py", line 293, in do_extends
    nodelist = parser.parse()
  File "C:\Users\Александр\PycharmProjects\Homework_16.4-HW-03\venv\lib\site-packages\django\template\base.py", line 513, in parse
    raise self.error(token, e)
  File "C:\Users\Александр\PycharmProjects\Homework_16.4-HW-03\venv\lib\site-packages\django\template\base.py", line 511, in parse
    compiled_result = compile_func(self, token)
  File "C:\Users\Александр\PycharmProjects\Homework_16.4-HW-03\venv\lib\site-packages\django\template\loader_tags.py", line 232, in do_block
    nodelist = parser.parse(("endblock",))
  File "C:\Users\Александр\PycharmProjects\Homework_16.4-HW-03\venv\lib\site-packages\django\template\base.py", line 513, in parse
    raise self.error(token, e)
  File "C:\Users\Александр\PycharmProjects\Homework_16.4-HW-03\venv\lib\site-packages\django\template\base.py", line 511, in parse
    compiled_result = compile_func(self, token)
  File "C:\Users\Александр\PycharmProjects\Homework_16.4-HW-03\venv\lib\site-packages\django\template\defaulttags.py", line 954, in do_if
    nodelist = parser.parse(("elif", "else", "endif"))
  File "C:\Users\Александр\PycharmProjects\Homework_16.4-HW-03\venv\lib\site-packages\django\template\base.py", line 507, in parse
    self.invalid_block_tag(token, command, parse_until)
  File "C:\Users\Александр\PycharmProjects\Homework_16.4-HW-03\venv\lib\site-packages\django\template\base.py", line 558, in invalid_block_tag
    raise self.error(
django.template.exceptions.TemplateSyntaxError: Invalid block tag on line 18: 'form', expected 'elif', 'else' or 'endif'. Did you forget to register or load this tag?
2022-08-07 21:23:17,144 ERROR "GET /news/add HTTP/1.1" 500 203756 C:\Users\Александр\PycharmProjects\Homework_16.4-HW-03\venv\lib\site-packages\django\core\servers\basehttp.py None
2022-08-08 23:28:19,634 ERROR Internal Server Error: /news/add C:\Users\Александр\PycharmProjects\Homework_16.4-HW-03\venv\lib\site-packages\django\utils\log.py (<class 'django.template.exceptions.TemplateSyntaxError'>, TemplateSyntaxError("Invalid block tag on line 32: 'form.post_type', expected 'elif', 'else' or 'endif'. Did you forget to register or load this tag?"), <traceback object at 0x000001583CCC88C0>)
Traceback (most recent call last):
  File "C:\Users\Александр\PycharmProjects\Homework_16.4-HW-03\venv\lib\site-packages\django\template\base.py", line 505, in parse
    compile_func = self.tags[command]
KeyError: 'form.post_type'

During handling of the above exception, another exception occurred:

Traceback (most recent call last):
  File "C:\Users\Александр\PycharmProjects\Homework_16.4-HW-03\venv\lib\site-packages\django\core\handlers\exception.py", line 55, in inner
    response = get_response(request)
  File "C:\Users\Александр\PycharmProjects\Homework_16.4-HW-03\venv\lib\site-packages\django\core\handlers\base.py", line 220, in _get_response
    response = response.render()
  File "C:\Users\Александр\PycharmProjects\Homework_16.4-HW-03\venv\lib\site-packages\django\template\response.py", line 114, in render
    self.content = self.rendered_content
  File "C:\Users\Александр\PycharmProjects\Homework_16.4-HW-03\venv\lib\site-packages\django\template\response.py", line 90, in rendered_content
    template = self.resolve_template(self.template_name)
  File "C:\Users\Александр\PycharmProjects\Homework_16.4-HW-03\venv\lib\site-packages\django\template\response.py", line 72, in resolve_template
    return select_template(template, using=self.using)
  File "C:\Users\Александр\PycharmProjects\Homework_16.4-HW-03\venv\lib\site-packages\django\template\loader.py", line 42, in select_template
    return engine.get_template(template_name)
  File "C:\Users\Александр\PycharmProjects\Homework_16.4-HW-03\venv\lib\site-packages\django\template\backends\django.py", line 34, in get_template
    return Template(self.engine.get_template(template_name), self)
  File "C:\Users\Александр\PycharmProjects\Homework_16.4-HW-03\venv\lib\site-packages\django\template\engine.py", line 175, in get_template
    template, origin = self.find_template(template_name)
  File "C:\Users\Александр\PycharmProjects\Homework_16.4-HW-03\venv\lib\site-packages\django\template\engine.py", line 157, in find_template
    template = loader.get_template(name, skip=skip)
  File "C:\Users\Александр\PycharmProjects\Homework_16.4-HW-03\venv\lib\site-packages\django\template\loaders\cached.py", line 57, in get_template
    template = super().get_template(template_name, skip)
  File "C:\Users\Александр\PycharmProjects\Homework_16.4-HW-03\venv\lib\site-packages\django\template\loaders\base.py", line 28, in get_template
    return Template(
  File "C:\Users\Александр\PycharmProjects\Homework_16.4-HW-03\venv\lib\site-packages\django\template\base.py", line 154, in __init__
    self.nodelist = self.compile_nodelist()
  File "C:\Users\Александр\PycharmProjects\Homework_16.4-HW-03\venv\lib\site-packages\django\template\base.py", line 200, in compile_nodelist
    return parser.parse()
  File "C:\Users\Александр\PycharmProjects\Homework_16.4-HW-03\venv\lib\site-packages\django\template\base.py", line 513, in parse
    raise self.error(token, e)
  File "C:\Users\Александр\PycharmProjects\Homework_16.4-HW-03\venv\lib\site-packages\django\template\base.py", line 511, in parse
    compiled_result = compile_func(self, token)
  File "C:\Users\Александр\PycharmProjects\Homework_16.4-HW-03\venv\lib\site-packages\django\template\loader_tags.py", line 293, in do_extends
    nodelist = parser.parse()
  File "C:\Users\Александр\PycharmProjects\Homework_16.4-HW-03\venv\lib\site-packages\django\template\base.py", line 513, in parse
    raise self.error(token, e)
  File "C:\Users\Александр\PycharmProjects\Homework_16.4-HW-03\venv\lib\site-packages\django\template\base.py", line 511, in parse
    compiled_result = compile_func(self, token)
  File "C:\Users\Александр\PycharmProjects\Homework_16.4-HW-03\venv\lib\site-packages\django\template\loader_tags.py", line 232, in do_block
    nodelist = parser.parse(("endblock",))
  File "C:\Users\Александр\PycharmProjects\Homework_16.4-HW-03\venv\lib\site-packages\django\template\base.py", line 513, in parse
    raise self.error(token, e)
  File "C:\Users\Александр\PycharmProjects\Homework_16.4-HW-03\venv\lib\site-packages\django\template\base.py", line 511, in parse
    compiled_result = compile_func(self, token)
  File "C:\Users\Александр\PycharmProjects\Homework_16.4-HW-03\venv\lib\site-packages\django\template\defaulttags.py", line 954, in do_if
    nodelist = parser.parse(("elif", "else", "endif"))
  File "C:\Users\Александр\PycharmProjects\Homework_16.4-HW-03\venv\lib\site-packages\django\template\base.py", line 507, in parse
    self.invalid_block_tag(token, command, parse_until)
  File "C:\Users\Александр\PycharmProjects\Homework_16.4-HW-03\venv\lib\site-packages\django\template\base.py", line 558, in invalid_block_tag
    raise self.error(
django.template.exceptions.TemplateSyntaxError: Invalid block tag on line 32: 'form.post_type', expected 'elif', 'else' or 'endif'. Did you forget to register or load this tag?
2022-08-08 23:28:19,636 ERROR "GET /news/add HTTP/1.1" 500 213822 C:\Users\Александр\PycharmProjects\Homework_16.4-HW-03\venv\lib\site-packages\django\core\servers\basehttp.py None
2022-08-09 00:08:07,229 ERROR Internal Server Error: /news/add C:\Users\Александр\PycharmProjects\Homework_16.4-HW-03\venv\lib\site-packages\django\utils\log.py (<class 'django.template.exceptions.TemplateSyntaxError'>, TemplateSyntaxError("Invalid block tag on line 54: 'endfor', expected 'elif', 'else' or 'endif'. Did you forget to register or load this tag?"), <traceback object at 0x000001583D06DC80>)
Traceback (most recent call last):
  File "C:\Users\Александр\PycharmProjects\Homework_16.4-HW-03\venv\lib\site-packages\django\template\base.py", line 505, in parse
    compile_func = self.tags[command]
KeyError: 'endfor'

During handling of the above exception, another exception occurred:

Traceback (most recent call last):
  File "C:\Users\Александр\PycharmProjects\Homework_16.4-HW-03\venv\lib\site-packages\django\core\handlers\exception.py", line 55, in inner
    response = get_response(request)
  File "C:\Users\Александр\PycharmProjects\Homework_16.4-HW-03\venv\lib\site-packages\django\core\handlers\base.py", line 220, in _get_response
    response = response.render()
  File "C:\Users\Александр\PycharmProjects\Homework_16.4-HW-03\venv\lib\site-packages\django\template\response.py", line 114, in render
    self.content = self.rendered_content
  File "C:\Users\Александр\PycharmProjects\Homework_16.4-HW-03\venv\lib\site-packages\django\template\response.py", line 90, in rendered_content
    template = self.resolve_template(self.template_name)
  File "C:\Users\Александр\PycharmProjects\Homework_16.4-HW-03\venv\lib\site-packages\django\template\response.py", line 72, in resolve_template
    return select_template(template, using=self.using)
  File "C:\Users\Александр\PycharmProjects\Homework_16.4-HW-03\venv\lib\site-packages\django\template\loader.py", line 42, in select_template
    return engine.get_template(template_name)
  File "C:\Users\Александр\PycharmProjects\Homework_16.4-HW-03\venv\lib\site-packages\django\template\backends\django.py", line 34, in get_template
    return Template(self.engine.get_template(template_name), self)
  File "C:\Users\Александр\PycharmProjects\Homework_16.4-HW-03\venv\lib\site-packages\django\template\engine.py", line 175, in get_template
    template, origin = self.find_template(template_name)
  File "C:\Users\Александр\PycharmProjects\Homework_16.4-HW-03\venv\lib\site-packages\django\template\engine.py", line 157, in find_template
    template = loader.get_template(name, skip=skip)
  File "C:\Users\Александр\PycharmProjects\Homework_16.4-HW-03\venv\lib\site-packages\django\template\loaders\cached.py", line 57, in get_template
    template = super().get_template(template_name, skip)
  File "C:\Users\Александр\PycharmProjects\Homework_16.4-HW-03\venv\lib\site-packages\django\template\loaders\base.py", line 28, in get_template
    return Template(
  File "C:\Users\Александр\PycharmProjects\Homework_16.4-HW-03\venv\lib\site-packages\django\template\base.py", line 154, in __init__
    self.nodelist = self.compile_nodelist()
  File "C:\Users\Александр\PycharmProjects\Homework_16.4-HW-03\venv\lib\site-packages\django\template\base.py", line 200, in compile_nodelist
    return parser.parse()
  File "C:\Users\Александр\PycharmProjects\Homework_16.4-HW-03\venv\lib\site-packages\django\template\base.py", line 513, in parse
    raise self.error(token, e)
  File "C:\Users\Александр\PycharmProjects\Homework_16.4-HW-03\venv\lib\site-packages\django\template\base.py", line 511, in parse
    compiled_result = compile_func(self, token)
  File "C:\Users\Александр\PycharmProjects\Homework_16.4-HW-03\venv\lib\site-packages\django\template\loader_tags.py", line 293, in do_extends
    nodelist = parser.parse()
  File "C:\Users\Александр\PycharmProjects\Homework_16.4-HW-03\venv\lib\site-packages\django\template\base.py", line 513, in parse
    raise self.error(token, e)
  File "C:\Users\Александр\PycharmProjects\Homework_16.4-HW-03\venv\lib\site-packages\django\template\base.py", line 511, in parse
    compiled_result = compile_func(self, token)
  File "C:\Users\Александр\PycharmProjects\Homework_16.4-HW-03\venv\lib\site-packages\django\template\loader_tags.py", line 232, in do_block
    nodelist = parser.parse(("endblock",))
  File "C:\Users\Александр\PycharmProjects\Homework_16.4-HW-03\venv\lib\site-packages\django\template\base.py", line 513, in parse
    raise self.error(token, e)
  File "C:\Users\Александр\PycharmProjects\Homework_16.4-HW-03\venv\lib\site-packages\django\template\base.py", line 511, in parse
    compiled_result = compile_func(self, token)
  File "C:\Users\Александр\PycharmProjects\Homework_16.4-HW-03\venv\lib\site-packages\django\template\defaulttags.py", line 954, in do_if
    nodelist = parser.parse(("elif", "else", "endif"))
  File "C:\Users\Александр\PycharmProjects\Homework_16.4-HW-03\venv\lib\site-packages\django\template\base.py", line 507, in parse
    self.invalid_block_tag(token, command, parse_until)
  File "C:\Users\Александр\PycharmProjects\Homework_16.4-HW-03\venv\lib\site-packages\django\template\base.py", line 558, in invalid_block_tag
    raise self.error(
django.template.exceptions.TemplateSyntaxError: Invalid block tag on line 54: 'endfor', expected 'elif', 'else' or 'endif'. Did you forget to register or load this tag?
2022-08-09 00:08:07,230 ERROR "GET /news/add HTTP/1.1" 500 200949 C:\Users\Александр\PycharmProjects\Homework_16.4-HW-03\venv\lib\site-packages\django\core\servers\basehttp.py None
2022-08-09 00:14:08,166 ERROR Internal Server Error: /news/add C:\Users\Александр\PycharmProjects\Homework_16.4-HW-03\venv\lib\site-packages\django\utils\log.py (<class 'django.utils.datastructures.MultiValueDictKeyError'>, MultiValueDictKeyError('author'), <traceback object at 0x000001583CD79600>)
Traceback (most recent call last):
  File "C:\Users\Александр\PycharmProjects\Homework_16.4-HW-03\venv\lib\site-packages\django\utils\datastructures.py", line 84, in __getitem__
    list_ = super().__getitem__(key)
KeyError: 'author'

During handling of the above exception, another exception occurred:

Traceback (most recent call last):
  File "C:\Users\Александр\PycharmProjects\Homework_16.4-HW-03\venv\lib\site-packages\django\core\handlers\exception.py", line 55, in inner
    response = get_response(request)
  File "C:\Users\Александр\PycharmProjects\Homework_16.4-HW-03\venv\lib\site-packages\django\core\handlers\base.py", line 197, in _get_response
    response = wrapped_callback(request, *callback_args, **callback_kwargs)
  File "C:\Users\Александр\PycharmProjects\Homework_16.4-HW-03\venv\lib\site-packages\django\views\generic\base.py", line 103, in view
    return self.dispatch(request, *args, **kwargs)
  File "C:\Users\Александр\PycharmProjects\Homework_16.4-HW-03\venv\lib\site-packages\django\views\generic\base.py", line 142, in dispatch
    return handler(request, *args, **kwargs)
  File "C:\Users\Александр\PycharmProjects\Homework_16.4-HW-03\GoodNews\news\views.py", line 121, in post
    author_id=request.POST['author'],
  File "C:\Users\Александр\PycharmProjects\Homework_16.4-HW-03\venv\lib\site-packages\django\utils\datastructures.py", line 86, in __getitem__
    raise MultiValueDictKeyError(key)
django.utils.datastructures.MultiValueDictKeyError: 'author'
2022-08-09 00:14:08,167 ERROR "POST /news/add HTTP/1.1" 500 93416 C:\Users\Александр\PycharmProjects\Homework_16.4-HW-03\venv\lib\site-packages\django\core\servers\basehttp.py None
2022-08-09 01:54:18,522 ERROR Internal Server Error: /news/ C:\Users\Александр\PycharmProjects\Homework_16.4-HW-03\venv\lib\site-packages\django\utils\log.py (<class 'django.template.exceptions.TemplateSyntaxError'>, TemplateSyntaxError("Invalid block tag on line 131: 'endblock', expected 'empty' or 'endfor'. Did you forget to register or load this tag?"), <traceback object at 0x000001583D2BBAC0>)
Traceback (most recent call last):
  File "C:\Users\Александр\PycharmProjects\Homework_16.4-HW-03\venv\lib\site-packages\django\template\base.py", line 505, in parse
    compile_func = self.tags[command]
KeyError: 'endblock'

During handling of the above exception, another exception occurred:

Traceback (most recent call last):
  File "C:\Users\Александр\PycharmProjects\Homework_16.4-HW-03\venv\lib\site-packages\django\core\handlers\exception.py", line 55, in inner
    response = get_response(request)
  File "C:\Users\Александр\PycharmProjects\Homework_16.4-HW-03\venv\lib\site-packages\django\core\handlers\base.py", line 220, in _get_response
    response = response.render()
  File "C:\Users\Александр\PycharmProjects\Homework_16.4-HW-03\venv\lib\site-packages\django\template\response.py", line 114, in render
    self.content = self.rendered_content
  File "C:\Users\Александр\PycharmProjects\Homework_16.4-HW-03\venv\lib\site-packages\django\template\response.py", line 90, in rendered_content
    template = self.resolve_template(self.template_name)
  File "C:\Users\Александр\PycharmProjects\Homework_16.4-HW-03\venv\lib\site-packages\django\template\response.py", line 72, in resolve_template
    return select_template(template, using=self.using)
  File "C:\Users\Александр\PycharmProjects\Homework_16.4-HW-03\venv\lib\site-packages\django\template\loader.py", line 42, in select_template
    return engine.get_template(template_name)
  File "C:\Users\Александр\PycharmProjects\Homework_16.4-HW-03\venv\lib\site-packages\django\template\backends\django.py", line 34, in get_template
    return Template(self.engine.get_template(template_name), self)
  File "C:\Users\Александр\PycharmProjects\Homework_16.4-HW-03\venv\lib\site-packages\django\template\engine.py", line 175, in get_template
    template, origin = self.find_template(template_name)
  File "C:\Users\Александр\PycharmProjects\Homework_16.4-HW-03\venv\lib\site-packages\django\template\engine.py", line 157, in find_template
    template = loader.get_template(name, skip=skip)
  File "C:\Users\Александр\PycharmProjects\Homework_16.4-HW-03\venv\lib\site-packages\django\template\loaders\cached.py", line 57, in get_template
    template = super().get_template(template_name, skip)
  File "C:\Users\Александр\PycharmProjects\Homework_16.4-HW-03\venv\lib\site-packages\django\template\loaders\base.py", line 28, in get_template
    return Template(
  File "C:\Users\Александр\PycharmProjects\Homework_16.4-HW-03\venv\lib\site-packages\django\template\base.py", line 154, in __init__
    self.nodelist = self.compile_nodelist()
  File "C:\Users\Александр\PycharmProjects\Homework_16.4-HW-03\venv\lib\site-packages\django\template\base.py", line 200, in compile_nodelist
    return parser.parse()
  File "C:\Users\Александр\PycharmProjects\Homework_16.4-HW-03\venv\lib\site-packages\django\template\base.py", line 513, in parse
    raise self.error(token, e)
  File "C:\Users\Александр\PycharmProjects\Homework_16.4-HW-03\venv\lib\site-packages\django\template\base.py", line 511, in parse
    compiled_result = compile_func(self, token)
  File "C:\Users\Александр\PycharmProjects\Homework_16.4-HW-03\venv\lib\site-packages\django\template\loader_tags.py", line 293, in do_extends
    nodelist = parser.parse()
  File "C:\Users\Александр\PycharmProjects\Homework_16.4-HW-03\venv\lib\site-packages\django\template\base.py", line 513, in parse
    raise self.error(token, e)
  File "C:\Users\Александр\PycharmProjects\Homework_16.4-HW-03\venv\lib\site-packages\django\template\base.py", line 511, in parse
    compiled_result = compile_func(self, token)
  File "C:\Users\Александр\PycharmProjects\Homework_16.4-HW-03\venv\lib\site-packages\django\template\loader_tags.py", line 232, in do_block
    nodelist = parser.parse(("endblock",))
  File "C:\Users\Александр\PycharmProjects\Homework_16.4-HW-03\venv\lib\site-packages\django\template\base.py", line 513, in parse
    raise self.error(token, e)
  File "C:\Users\Александр\PycharmProjects\Homework_16.4-HW-03\venv\lib\site-packages\django\template\base.py", line 511, in parse
    compiled_result = compile_func(self, token)
  File "C:\Users\Александр\PycharmProjects\Homework_16.4-HW-03\venv\lib\site-packages\django\template\defaulttags.py", line 854, in do_for
    nodelist_loop = parser.parse(
  File "C:\Users\Александр\PycharmProjects\Homework_16.4-HW-03\venv\lib\site-packages\django\template\base.py", line 507, in parse
    self.invalid_block_tag(token, command, parse_until)
  File "C:\Users\Александр\PycharmProjects\Homework_16.4-HW-03\venv\lib\site-packages\django\template\base.py", line 558, in invalid_block_tag
    raise self.error(
django.template.exceptions.TemplateSyntaxError: Invalid block tag on line 131: 'endblock', expected 'empty' or 'endfor'. Did you forget to register or load this tag?
2022-08-09 01:54:18,523 ERROR "GET /news/ HTTP/1.1" 500 206956 C:\Users\Александр\PycharmProjects\Homework_16.4-HW-03\venv\lib\site-packages\django\core\servers\basehttp.py None
2022-08-09 02:02:06,032 ERROR Internal Server Error: /news/ C:\Users\Александр\PycharmProjects\Homework_16.4-HW-03\venv\lib\site-packages\django\utils\log.py (<class 'django.template.exceptions.TemplateSyntaxError'>, TemplateSyntaxError("Invalid block tag on line 93: 'endfor', expected 'endif'. Did you forget to register or load this tag?"), <traceback object at 0x000001583CF9F640>)
Traceback (most recent call last):
  File "C:\Users\Александр\PycharmProjects\Homework_16.4-HW-03\venv\lib\site-packages\django\template\base.py", line 505, in parse
    compile_func = self.tags[command]
KeyError: 'endfor'

During handling of the above exception, another exception occurred:

Traceback (most recent call last):
  File "C:\Users\Александр\PycharmProjects\Homework_16.4-HW-03\venv\lib\site-packages\django\core\handlers\exception.py", line 55, in inner
    response = get_response(request)
  File "C:\Users\Александр\PycharmProjects\Homework_16.4-HW-03\venv\lib\site-packages\django\core\handlers\base.py", line 220, in _get_response
    response = response.render()
  File "C:\Users\Александр\PycharmProjects\Homework_16.4-HW-03\venv\lib\site-packages\django\template\response.py", line 114, in render
    self.content = self.rendered_content
  File "C:\Users\Александр\PycharmProjects\Homework_16.4-HW-03\venv\lib\site-packages\django\template\response.py", line 90, in rendered_content
    template = self.resolve_template(self.template_name)
  File "C:\Users\Александр\PycharmProjects\Homework_16.4-HW-03\venv\lib\site-packages\django\template\response.py", line 72, in resolve_template
    return select_template(template, using=self.using)
  File "C:\Users\Александр\PycharmProjects\Homework_16.4-HW-03\venv\lib\site-packages\django\template\loader.py", line 42, in select_template
    return engine.get_template(template_name)
  File "C:\Users\Александр\PycharmProjects\Homework_16.4-HW-03\venv\lib\site-packages\django\template\backends\django.py", line 34, in get_template
    return Template(self.engine.get_template(template_name), self)
  File "C:\Users\Александр\PycharmProjects\Homework_16.4-HW-03\venv\lib\site-packages\django\template\engine.py", line 175, in get_template
    template, origin = self.find_template(template_name)
  File "C:\Users\Александр\PycharmProjects\Homework_16.4-HW-03\venv\lib\site-packages\django\template\engine.py", line 157, in find_template
    template = loader.get_template(name, skip=skip)
  File "C:\Users\Александр\PycharmProjects\Homework_16.4-HW-03\venv\lib\site-packages\django\template\loaders\cached.py", line 57, in get_template
    template = super().get_template(template_name, skip)
  File "C:\Users\Александр\PycharmProjects\Homework_16.4-HW-03\venv\lib\site-packages\django\template\loaders\base.py", line 28, in get_template
    return Template(
  File "C:\Users\Александр\PycharmProjects\Homework_16.4-HW-03\venv\lib\site-packages\django\template\base.py", line 154, in __init__
    self.nodelist = self.compile_nodelist()
  File "C:\Users\Александр\PycharmProjects\Homework_16.4-HW-03\venv\lib\site-packages\django\template\base.py", line 200, in compile_nodelist
    return parser.parse()
  File "C:\Users\Александр\PycharmProjects\Homework_16.4-HW-03\venv\lib\site-packages\django\template\base.py", line 513, in parse
    raise self.error(token, e)
  File "C:\Users\Александр\PycharmProjects\Homework_16.4-HW-03\venv\lib\site-packages\django\template\base.py", line 511, in parse
    compiled_result = compile_func(self, token)
  File "C:\Users\Александр\PycharmProjects\Homework_16.4-HW-03\venv\lib\site-packages\django\template\loader_tags.py", line 293, in do_extends
    nodelist = parser.parse()
  File "C:\Users\Александр\PycharmProjects\Homework_16.4-HW-03\venv\lib\site-packages\django\template\base.py", line 513, in parse
    raise self.error(token, e)
  File "C:\Users\Александр\PycharmProjects\Homework_16.4-HW-03\venv\lib\site-packages\django\template\base.py", line 511, in parse
    compiled_result = compile_func(self, token)
  File "C:\Users\Александр\PycharmProjects\Homework_16.4-HW-03\venv\lib\site-packages\django\template\loader_tags.py", line 232, in do_block
    nodelist = parser.parse(("endblock",))
  File "C:\Users\Александр\PycharmProjects\Homework_16.4-HW-03\venv\lib\site-packages\django\template\base.py", line 513, in parse
    raise self.error(token, e)
  File "C:\Users\Александр\PycharmProjects\Homework_16.4-HW-03\venv\lib\site-packages\django\template\base.py", line 511, in parse
    compiled_result = compile_func(self, token)
  File "C:\Users\Александр\PycharmProjects\Homework_16.4-HW-03\venv\lib\site-packages\django\template\defaulttags.py", line 854, in do_for
    nodelist_loop = parser.parse(
  File "C:\Users\Александр\PycharmProjects\Homework_16.4-HW-03\venv\lib\site-packages\django\template\base.py", line 513, in parse
    raise self.error(token, e)
  File "C:\Users\Александр\PycharmProjects\Homework_16.4-HW-03\venv\lib\site-packages\django\template\base.py", line 511, in parse
    compiled_result = compile_func(self, token)
  File "C:\Users\Александр\PycharmProjects\Homework_16.4-HW-03\venv\lib\site-packages\django\template\defaulttags.py", line 854, in do_for
    nodelist_loop = parser.parse(
  File "C:\Users\Александр\PycharmProjects\Homework_16.4-HW-03\venv\lib\site-packages\django\template\base.py", line 513, in parse
    raise self.error(token, e)
  File "C:\Users\Александр\PycharmProjects\Homework_16.4-HW-03\venv\lib\site-packages\django\template\base.py", line 511, in parse
    compiled_result = compile_func(self, token)
  File "C:\Users\Александр\PycharmProjects\Homework_16.4-HW-03\venv\lib\site-packages\django\template\defaulttags.py", line 968, in do_if
    nodelist = parser.parse(("endif",))
  File "C:\Users\Александр\PycharmProjects\Homework_16.4-HW-03\venv\lib\site-packages\django\template\base.py", line 507, in parse
    self.invalid_block_tag(token, command, parse_until)
  File "C:\Users\Александр\PycharmProjects\Homework_16.4-HW-03\venv\lib\site-packages\django\template\base.py", line 558, in invalid_block_tag
    raise self.error(
django.template.exceptions.TemplateSyntaxError: Invalid block tag on line 93: 'endfor', expected 'endif'. Did you forget to register or load this tag?
2022-08-09 02:02:06,033 ERROR "GET /news/ HTTP/1.1" 500 306102 C:\Users\Александр\PycharmProjects\Homework_16.4-HW-03\venv\lib\site-packages\django\core\servers\basehttp.py None
2022-08-09 02:02:40,716 ERROR Internal Server Error: /news/ C:\Users\Александр\PycharmProjects\Homework_16.4-HW-03\venv\lib\site-packages\django\utils\log.py (<class 'django.template.exceptions.TemplateSyntaxError'>, TemplateSyntaxError("Invalid block tag on line 93: 'endfif', expected 'endif'. Did you forget to register or load this tag?"), <traceback object at 0x000001583D012F00>)
Traceback (most recent call last):
  File "C:\Users\Александр\PycharmProjects\Homework_16.4-HW-03\venv\lib\site-packages\django\template\base.py", line 505, in parse
    compile_func = self.tags[command]
KeyError: 'endfif'

During handling of the above exception, another exception occurred:

Traceback (most recent call last):
  File "C:\Users\Александр\PycharmProjects\Homework_16.4-HW-03\venv\lib\site-packages\django\core\handlers\exception.py", line 55, in inner
    response = get_response(request)
  File "C:\Users\Александр\PycharmProjects\Homework_16.4-HW-03\venv\lib\site-packages\django\core\handlers\base.py", line 220, in _get_response
    response = response.render()
  File "C:\Users\Александр\PycharmProjects\Homework_16.4-HW-03\venv\lib\site-packages\django\template\response.py", line 114, in render
    self.content = self.rendered_content
  File "C:\Users\Александр\PycharmProjects\Homework_16.4-HW-03\venv\lib\site-packages\django\template\response.py", line 90, in rendered_content
    template = self.resolve_template(self.template_name)
  File "C:\Users\Александр\PycharmProjects\Homework_16.4-HW-03\venv\lib\site-packages\django\template\response.py", line 72, in resolve_template
    return select_template(template, using=self.using)
  File "C:\Users\Александр\PycharmProjects\Homework_16.4-HW-03\venv\lib\site-packages\django\template\loader.py", line 42, in select_template
    return engine.get_template(template_name)
  File "C:\Users\Александр\PycharmProjects\Homework_16.4-HW-03\venv\lib\site-packages\django\template\backends\django.py", line 34, in get_template
    return Template(self.engine.get_template(template_name), self)
  File "C:\Users\Александр\PycharmProjects\Homework_16.4-HW-03\venv\lib\site-packages\django\template\engine.py", line 175, in get_template
    template, origin = self.find_template(template_name)
  File "C:\Users\Александр\PycharmProjects\Homework_16.4-HW-03\venv\lib\site-packages\django\template\engine.py", line 157, in find_template
    template = loader.get_template(name, skip=skip)
  File "C:\Users\Александр\PycharmProjects\Homework_16.4-HW-03\venv\lib\site-packages\django\template\loaders\cached.py", line 57, in get_template
    template = super().get_template(template_name, skip)
  File "C:\Users\Александр\PycharmProjects\Homework_16.4-HW-03\venv\lib\site-packages\django\template\loaders\base.py", line 28, in get_template
    return Template(
  File "C:\Users\Александр\PycharmProjects\Homework_16.4-HW-03\venv\lib\site-packages\django\template\base.py", line 154, in __init__
    self.nodelist = self.compile_nodelist()
  File "C:\Users\Александр\PycharmProjects\Homework_16.4-HW-03\venv\lib\site-packages\django\template\base.py", line 200, in compile_nodelist
    return parser.parse()
  File "C:\Users\Александр\PycharmProjects\Homework_16.4-HW-03\venv\lib\site-packages\django\template\base.py", line 513, in parse
    raise self.error(token, e)
  File "C:\Users\Александр\PycharmProjects\Homework_16.4-HW-03\venv\lib\site-packages\django\template\base.py", line 511, in parse
    compiled_result = compile_func(self, token)
  File "C:\Users\Александр\PycharmProjects\Homework_16.4-HW-03\venv\lib\site-packages\django\template\loader_tags.py", line 293, in do_extends
    nodelist = parser.parse()
  File "C:\Users\Александр\PycharmProjects\Homework_16.4-HW-03\venv\lib\site-packages\django\template\base.py", line 513, in parse
    raise self.error(token, e)
  File "C:\Users\Александр\PycharmProjects\Homework_16.4-HW-03\venv\lib\site-packages\django\template\base.py", line 511, in parse
    compiled_result = compile_func(self, token)
  File "C:\Users\Александр\PycharmProjects\Homework_16.4-HW-03\venv\lib\site-packages\django\template\loader_tags.py", line 232, in do_block
    nodelist = parser.parse(("endblock",))
  File "C:\Users\Александр\PycharmProjects\Homework_16.4-HW-03\venv\lib\site-packages\django\template\base.py", line 513, in parse
    raise self.error(token, e)
  File "C:\Users\Александр\PycharmProjects\Homework_16.4-HW-03\venv\lib\site-packages\django\template\base.py", line 511, in parse
    compiled_result = compile_func(self, token)
  File "C:\Users\Александр\PycharmProjects\Homework_16.4-HW-03\venv\lib\site-packages\django\template\defaulttags.py", line 854, in do_for
    nodelist_loop = parser.parse(
  File "C:\Users\Александр\PycharmProjects\Homework_16.4-HW-03\venv\lib\site-packages\django\template\base.py", line 513, in parse
    raise self.error(token, e)
  File "C:\Users\Александр\PycharmProjects\Homework_16.4-HW-03\venv\lib\site-packages\django\template\base.py", line 511, in parse
    compiled_result = compile_func(self, token)
  File "C:\Users\Александр\PycharmProjects\Homework_16.4-HW-03\venv\lib\site-packages\django\template\defaulttags.py", line 854, in do_for
    nodelist_loop = parser.parse(
  File "C:\Users\Александр\PycharmProjects\Homework_16.4-HW-03\venv\lib\site-packages\django\template\base.py", line 513, in parse
    raise self.error(token, e)
  File "C:\Users\Александр\PycharmProjects\Homework_16.4-HW-03\venv\lib\site-packages\django\template\base.py", line 511, in parse
    compiled_result = compile_func(self, token)
  File "C:\Users\Александр\PycharmProjects\Homework_16.4-HW-03\venv\lib\site-packages\django\template\defaulttags.py", line 968, in do_if
    nodelist = parser.parse(("endif",))
  File "C:\Users\Александр\PycharmProjects\Homework_16.4-HW-03\venv\lib\site-packages\django\template\base.py", line 507, in parse
    self.invalid_block_tag(token, command, parse_until)
  File "C:\Users\Александр\PycharmProjects\Homework_16.4-HW-03\venv\lib\site-packages\django\template\base.py", line 558, in invalid_block_tag
    raise self.error(
django.template.exceptions.TemplateSyntaxError: Invalid block tag on line 93: 'endfif', expected 'endif'. Did you forget to register or load this tag?
2022-08-09 02:02:40,716 ERROR "GET /news/ HTTP/1.1" 500 307790 C:\Users\Александр\PycharmProjects\Homework_16.4-HW-03\venv\lib\site-packages\django\core\servers\basehttp.py None
